Flutter crash report.
Please report a bug at https://github.com/flutter/flutter/issues.

## command

flutter build ios

## exception

ProcessException: ProcessException: Process exited abnormally with exit code 69:
You have not agreed to the Xcode license agreements. Please run 'sudo xcodebuild -license' from within a Terminal window to review and agree to the Xcode and Apple SDKs license.
  Command: /usr/bin/arch -arm64e xcrun xcodebuild -list

```
#0      RunResult.throwException (package:flutter_tools/src/base/process.dart:127:5)
#1      _DefaultProcessUtils.run (package:flutter_tools/src/base/process.dart:326:19)
<asynchronous suspension>
#2      XcodeProjectInterpreter.getInfo (package:flutter_tools/src/ios/xcodeproj.dart:342:30)
<asynchronous suspension>
#3      IosProject.projectInfo (package:flutter_tools/src/xcode_project.dart:455:29)
<asynchronous suspension>
#4      IosProject.buildSettingsForBuildInfo (package:flutter_tools/src/xcode_project.dart:408:36)
<asynchronous suspension>
#5      IosProject._parseHostAppBundleName (package:flutter_tools/src/xcode_project.dart:382:55)
<asynchronous suspension>
#6      IosProject.hostAppBundleName (package:flutter_tools/src/xcode_project.dart:371:35)
<asynchronous suspension>
#7      BuildableIOSApp.fromProject (package:flutter_tools/src/ios/application_package.dart:116:39)
<asynchronous suspension>
#8      FlutterApplicationPackageFactory.getPackageForPlatform (package:flutter_tools/src/flutter_application_package.dart:82:15)
<asynchronous suspension>
#9      _BuildIOSSubCommand.buildableIOSApp.<anonymous closure> (package:flutter_tools/src/commands/build_ios.dart:616:34)
<asynchronous suspension>
#10     _BuildIOSSubCommand.runCommand (package:flutter_tools/src/commands/build_ios.dart:653:33)
<asynchronous suspension>
#11     FlutterCommand.run.<anonymous closure> (package:flutter_tools/src/runner/flutter_command.dart:1389:27)
<asynchronous suspension>
#12     AppContext.run.<anonymous closure> (package:flutter_tools/src/base/context.dart:153:19)
<asynchronous suspension>
#13     CommandRunner.runCommand (package:args/command_runner.dart:212:13)
<asynchronous suspension>
#14     FlutterCommandRunner.runCommand.<anonymous closure> (package:flutter_tools/src/runner/flutter_command_runner.dart:355:9)
<asynchronous suspension>
#15     AppContext.run.<anonymous closure> (package:flutter_tools/src/base/context.dart:153:19)
<asynchronous suspension>
#16     FlutterCommandRunner.runCommand (package:flutter_tools/src/runner/flutter_command_runner.dart:295:5)
<asynchronous suspension>
#17     run.<anonymous closure>.<anonymous closure> (package:flutter_tools/runner.dart:119:9)
<asynchronous suspension>
#18     AppContext.run.<anonymous closure> (package:flutter_tools/src/base/context.dart:153:19)
<asynchronous suspension>
#19     main (package:flutter_tools/executable.dart:90:3)
<asynchronous suspension>
```

## flutter doctor

```
[32m[✓][39m Flutter (Channel stable, 3.19.1, on macOS 14.6.1 23G93 darwin-arm64, locale en-EE)
    [32m•[39m Flutter version 3.19.1 on channel stable at /Users/Marko.Praakli/Workspace/flutter
    [32m•[39m Upstream repository https://github.com/flutter/flutter.git
    [32m•[39m Framework revision abb292a07e (8 months ago), 2024-02-20 14:35:05 -0800
    [32m•[39m Engine revision 04817c99c9
    [32m•[39m Dart version 3.3.0
    [32m•[39m DevTools version 2.31.1

[32m[✓][39m Android toolchain - develop for Android devices (Android SDK version 33.0.0)
    [32m•[39m Android SDK at /Users/Marko.Praakli/Library/Android/sdk
    [32m•[39m Platform android-34, build-tools 33.0.0
    [32m•[39m Java binary at: /Applications/Android Studio.app/Contents/jre/Contents/Home/bin/java
    [32m•[39m Java version OpenJDK Runtime Environment (build 11.0.12+0-b1504.28-7817840)
    [32m•[39m All Android licenses accepted.

[33m[!][39m Xcode - develop for iOS and macOS (Xcode 16.0)
    [32m•[39m Xcode at /Applications/Xcode.app/Contents/Developer
    [32m•[39m Build 16A242d
    [31m✗[39m Xcode end user license agreement not signed; open Xcode or run the command 'sudo xcodebuild -license'.
    [31m✗[39m Xcode requires additional components to be installed in order to run.
      Launch Xcode and install additional required components when prompted or run:
        sudo xcodebuild -runFirstLaunch
    [31m✗[39m CocoaPods installed but not working.
        You appear to have CocoaPods installed but it is not working.
        This can happen if the version of Ruby that CocoaPods was installed with is different from the one being used to invoke it.
        This can usually be fixed by re-installing CocoaPods.
      To re-install see https://guides.cocoapods.org/using/getting-started.html#installation for instructions.

[32m[✓][39m Chrome - develop for the web
    [32m•[39m Chrome at /Applications/Google Chrome.app/Contents/MacOS/Google Chrome

[32m[✓][39m Android Studio (version 2021.2)
    [32m•[39m Android Studio at /Applications/Android Studio.app/Contents
    [32m•[39m Flutter plugin can be installed from:
      🔨 https://plugins.jetbrains.com/plugin/9212-flutter
    [32m•[39m Dart plugin can be installed from:
      🔨 https://plugins.jetbrains.com/plugin/6351-dart
    [32m•[39m Java version OpenJDK Runtime Environment (build 11.0.12+0-b1504.28-7817840)

[32m[✓][39m VS Code (version 1.91.1)
    [32m•[39m VS Code at /Applications/Visual Studio Code.app/Contents
    [32m•[39m Flutter extension version 3.98.0

[32m[✓][39m Connected device (2 available)
    [32m•[39m macOS (desktop) • macos  • darwin-arm64   • macOS 14.6.1 23G93 darwin-arm64
    [32m•[39m Chrome (web)    • chrome • web-javascript • Google Chrome 129.0.6668.101

[32m[✓][39m Network resources
    [32m•[39m All expected network resources are available.

[33m![39m Doctor found issues in 1 category.
```
